# JRE version: OpenJDK Runtime Environment (11.0.13) (build 11.0.13+0-b1751.21-8125866)
# Java VM: OpenJDK 64-Bit Server VM (11.0.13+0-b1751.21-8125866, mixed mode, tiered, compressed oops, g1 gc, windows-amd64)
Heap:
 garbage-first heap   total 177152K, used 70845K [0x0000000080000000, 0x0000000100000000)
  region size 1024K, 3 young (3072K), 3 survivors (3072K)
 Metaspace       used 85326K, capacity 87490K, committed 87596K, reserved 1126400K
  class space    used 10611K, capacity 11338K, committed 11392K, reserved 1048576K
GC Heap History (20 events):
Event: 27.712 GC heap after
{Heap after GC invocations=33 (full 0):
 garbage-first heap   total 122880K, used 80937K [0x0000000080000000, 0x0000000100000000)
  region size 1024K, 1 young (1024K), 1 survivors (1024K)
 Metaspace       used 80635K, capacity 82665K, committed 82988K, reserved 1122304K
  class space    used 10057K, capacity 10737K, committed 10880K, reserved 1048576K
}
Event: 27.813 GC heap before
{Heap before GC invocations=33 (full 0):
 garbage-first heap   total 122880K, used 85033K [0x0000000080000000, 0x0000000100000000)
  region size 1024K, 6 young (6144K), 1 survivors (1024K)
 Metaspace       used 81072K, capacity 83114K, committed 83628K, reserved 1122304K
  class space    used 10117K, capacity 10801K, committed 11008K, reserved 1048576K
}
Event: 27.815 GC heap after
{Heap after GC invocations=34 (full 0):
 garbage-first heap   total 122880K, used 68956K [0x0000000080000000, 0x0000000100000000)
  region size 1024K, 1 young (1024K), 1 survivors (1024K)
 Metaspace       used 81072K, capacity 83114K, committed 83628K, reserved 1122304K
  class space    used 10117K, capacity 10801K, committed 11008K, reserved 1048576K
}
Event: 27.881 GC heap before
{Heap before GC invocations=34 (full 0):
 garbage-first heap   total 122880K, used 74076K [0x0000000080000000, 0x0000000100000000)
  region size 1024K, 6 young (6144K), 1 survivors (1024K)
 Metaspace       used 81600K, capacity 83626K, committed 84140K, reserved 1122304K
  class space    used 10190K, capacity 10865K, committed 11008K, reserved 1048576K
}
Event: 27.884 GC heap after
{Heap after GC invocations=35 (full 0):
 garbage-first heap   total 122880K, used 65180K [0x0000000080000000, 0x0000000100000000)
  region size 1024K, 1 young (1024K), 1 survivors (1024K)
 Metaspace       used 81600K, capacity 83626K, committed 84140K, reserved 1122304K
  class space    used 10190K, capacity 10865K, committed 11008K, reserved 1048576K
}
Event: 28.180 GC heap before
{Heap before GC invocations=35 (full 0):
 garbage-first heap   total 122880K, used 86684K [0x0000000080000000, 0x0000000100000000)
  region size 1024K, 22 young (22528K), 1 survivors (1024K)
 Metaspace       used 83212K, capacity 85205K, committed 85548K, reserved 1124352K
  class space    used 10368K, capacity 11027K, committed 11136K, reserved 1048576K
}
Event: 28.184 GC heap after
{Heap after GC invocations=36 (full 0):
 garbage-first heap   total 122880K, used 67184K [0x0000000080000000, 0x0000000100000000)
  region size 1024K, 3 young (3072K), 3 survivors (3072K)
 Metaspace       used 83212K, capacity 85205K, committed 85548K, reserved 1124352K
  class space    used 10368K, capacity 11027K, committed 11136K, reserved 1048576K
}
Event: 28.411 GC heap before
{Heap before GC invocations=37 (full 0):
 garbage-first heap   total 122880K, used 88688K [0x0000000080000000, 0x0000000100000000)
  region size 1024K, 25 young (25600K), 3 survivors (3072K)
 Metaspace       used 83810K, capacity 85880K, committed 86188K, reserved 1124352K
  class space    used 10436K, capacity 11126K, committed 11264K, reserved 1048576K
}
Event: 28.422 GC heap after
{Heap after GC invocations=38 (full 0):
 garbage-first heap   total 122880K, used 68583K [0x0000000080000000, 0x0000000100000000)
  region size 1024K, 4 young (4096K), 4 survivors (4096K)
 Metaspace       used 83810K, capacity 85880K, committed 86188K, reserved 1124352K
  class space    used 10436K, capacity 11126K, committed 11264K, reserved 1048576K
}
Event: 28.431 GC heap before
{Heap before GC invocations=38 (full 0):
 garbage-first heap   total 122880K, used 70631K [0x0000000080000000, 0x0000000100000000)
  region size 1024K, 6 young (6144K), 4 survivors (4096K)
 Metaspace       used 83850K, capacity 85885K, committed 86188K, reserved 1124352K
  class space    used 10444K, capacity 11128K, committed 11264K, reserved 1048576K
}
Event: 28.434 GC heap after
{Heap after GC invocations=39 (full 0):
 garbage-first heap   total 122880K, used 67042K [0x0000000080000000, 0x0000000100000000)
  region size 1024K, 1 young (1024K), 1 survivors (1024K)
 Metaspace       used 83850K, capacity 85885K, committed 86188K, reserved 1124352K
  class space    used 10444K, capacity 11128K, committed 11264K, reserved 1048576K
}
Event: 28.619 GC heap before
{Heap before GC invocations=39 (full 0):
 garbage-first heap   total 122880K, used 90594K [0x0000000080000000, 0x0000000100000000)
  region size 1024K, 25 young (25600K), 1 survivors (1024K)
 Metaspace       used 84627K, capacity 86729K, committed 87084K, reserved 1124352K
  class space    used 10538K, capacity 11238K, committed 11392K, reserved 1048576K
}
Event: 28.623 GC heap after
{Heap after GC invocations=40 (full 0):
 garbage-first heap   total 147456K, used 68528K [0x0000000080000000, 0x0000000100000000)
  region size 1024K, 2 young (2048K), 2 survivors (2048K)
 Metaspace       used 84627K, capacity 86729K, committed 87084K, reserved 1124352K
  class space    used 10538K, capacity 11238K, committed 11392K, reserved 1048576K
}
Event: 28.864 GC heap before
{Heap before GC invocations=41 (full 0):
 garbage-first heap   total 147456K, used 103344K [0x0000000080000000, 0x0000000100000000)
  region size 1024K, 37 young (37888K), 2 survivors (2048K)
 Metaspace       used 84842K, capacity 86932K, committed 87084K, reserved 1124352K
  class space    used 10546K, capacity 11242K, committed 11392K, reserved 1048576K
}
Event: 28.867 GC heap after
{Heap after GC invocations=42 (full 0):
 garbage-first heap   total 147456K, used 69194K [0x0000000080000000, 0x0000000100000000)
  region size 1024K, 3 young (3072K), 3 survivors (3072K)
 Metaspace       used 84842K, capacity 86932K, committed 87084K, reserved 1124352K
  class space    used 10546K, capacity 11242K, committed 11392K, reserved 1048576K
}
Event: 29.049 GC heap before
{Heap before GC invocations=42 (full 0):
 garbage-first heap   total 147456K, used 106058K [0x0000000080000000, 0x0000000100000000)
  region size 1024K, 40 young (40960K), 3 survivors (3072K)
 Metaspace       used 84868K, capacity 86932K, committed 87084K, reserved 1124352K
  class space    used 10547K, capacity 11242K, committed 11392K, reserved 1048576K
}
Event: 29.052 GC heap after
{Heap after GC invocations=43 (full 0):
 garbage-first heap   total 147456K, used 69946K [0x0000000080000000, 0x0000000100000000)
  region size 1024K, 4 young (4096K), 4 survivors (4096K)
 Metaspace       used 84868K, capacity 86932K, committed 87084K, reserved 1124352K
  class space    used 10547K, capacity 11242K, committed 11392K, reserved 1048576K
}
Event: 29.269 GC heap before
{Heap before GC invocations=44 (full 0):
 garbage-first heap   total 147456K, used 107834K [0x0000000080000000, 0x0000000100000000)
  region size 1024K, 42 young (43008K), 4 survivors (4096K)
 Metaspace       used 85282K, capacity 87414K, committed 87596K, reserved 1126400K
  class space    used 10606K, capacity 11333K, committed 11392K, reserved 1048576K
}
Event: 29.273 GC heap after
{Heap after GC invocations=45 (full 0):
 garbage-first heap   total 147456K, used 70710K [0x0000000080000000, 0x0000000100000000)
  region size 1024K, 4 young (4096K), 4 survivors (4096K)
 Metaspace       used 85282K, capacity 87414K, committed 87596K, reserved 1126400K
  class space    used 10606K, capacity 11333K, committed 11392K, reserved 1048576K
}
Event: 29.447 GC heap before
{Heap before GC invocations=45 (full 0):
 garbage-first heap   total 147456K, used 86070K [0x0000000080000000, 0x0000000100000000)
  region size 1024K, 21 young (21504K), 4 survivors (4096K)
 Metaspace       used 85326K, capacity 87490K, committed 87596K, reserved 1126400K
  class space    used 10611K, capacity 11338K, committed 11392K, reserved 1048576K
}

